----------

Fri Aug 27 2021 16:07:09 GMT-0400 (Eastern Daylight Time)

Script /Users/Kristin/export.sh /Users/Kristin/kristinbarber.github.io couldn't be run

----------

Mon Sep 27 2021 15:23:40 GMT-0400 (Eastern Daylight Time)

Script /Users/Kristin/export.sh /Users/Kristin/kristinbarber.github.io couldn't be run

----------

Mon Sep 27 2021 15:39:45 GMT-0400 (Eastern Daylight Time)

Script /Users/Kristin/export.sh /Users/Kristin/kristinbarber.github.io couldn't be run

----------

Mon Sep 27 2021 16:25:30 GMT-0400 (Eastern Daylight Time)

Script /Users/Kristin/export.sh /Users/Kristin/kristinbarber.github.io couldn't be run

----------

Mon Sep 27 2021 16:30:29 GMT-0400 (Eastern Daylight Time)

Script /Users/Kristin/export.sh /Users/Kristin/kristinbarber.github.io couldn't be run

----------

Mon Sep 27 2021 16:33:16 GMT-0400 (Eastern Daylight Time)

Script /Users/Kristin/export.sh /Users/Kristin/kristinbarber.github.io couldn't be run

----------

Mon Sep 27 2021 17:25:28 GMT-0400 (Eastern Daylight Time)

Script /Users/Kristin/export.sh /Users/Kristin/kristinbarber.github.io couldn't be run

----------

Mon Sep 27 2021 17:26:20 GMT-0400 (Eastern Daylight Time)

Script /Users/Kristin/export.sh /Users/Kristin/kristinbarber.github.io couldn't be run

----------

Mon Sep 27 2021 17:26:50 GMT-0400 (Eastern Daylight Time)

Script /Users/Kristin/export.sh /Users/Kristin/kristinbarber.github.io couldn't be run

----------

Mon Sep 27 2021 17:30:42 GMT-0400 (Eastern Daylight Time)

Script /Users/Kristin/export.sh /Users/Kristin/kristinbarber.github.io couldn't be run

----------

Mon Sep 27 2021 17:33:34 GMT-0400 (Eastern Daylight Time)

Script /Users/Kristin/export.sh /Users/Kristin/kristinbarber.github.io couldn't be run

----------

Mon Sep 27 2021 17:34:54 GMT-0400 (Eastern Daylight Time)

Script /Users/Kristin/export.sh /Users/Kristin/kristinbarber.github.io couldn't be run

----------

Mon Sep 27 2021 17:35:58 GMT-0400 (Eastern Daylight Time)

Script /Users/Kristin/export.sh /Users/Kristin/kristinbarber.github.io couldn't be run

----------

Mon Sep 27 2021 17:36:03 GMT-0400 (Eastern Daylight Time)

Script /Users/Kristin/export.sh /Users/Kristin/kristinbarber.github.io couldn't be run

----------

Mon Sep 27 2021 17:39:55 GMT-0400 (Eastern Daylight Time)

Script /Users/Kristin/export.sh /Users/Kristin/kristinbarber.github.io couldn't be run

----------

Mon Sep 27 2021 17:42:01 GMT-0400 (Eastern Daylight Time)

Script /Users/Kristin/export.sh /Users/Kristin/kristinbarber.github.io couldn't be run

----------

Mon Sep 27 2021 17:46:52 GMT-0400 (Eastern Daylight Time)

Script /Users/Kristin/export.sh /Users/Kristin/kristinbarber.github.io couldn't be run

----------

Mon Sep 27 2021 17:48:22 GMT-0400 (Eastern Daylight Time)

Script /Users/Kristin/export.sh /Users/Kristin/kristinbarber.github.io couldn't be run

----------

Mon Sep 27 2021 17:56:26 GMT-0400 (Eastern Daylight Time)

Script /Users/Kristin/export.sh /Users/Kristin/kristinbarber.github.io couldn't be run

----------

Tue Sep 28 2021 15:35:56 GMT-0400 (Eastern Daylight Time)

Script /Users/Kristin/export.sh /Users/Kristin/kristinbarber.github.io couldn't be run

----------

Tue Sep 28 2021 15:46:11 GMT-0400 (Eastern Daylight Time)

Script /Users/Kristin/export.sh /Users/Kristin/kristinbarber.github.io couldn't be run

----------

Tue Sep 28 2021 15:46:15 GMT-0400 (Eastern Daylight Time)

Script /Users/Kristin/export.sh /Users/Kristin/kristinbarber.github.io couldn't be run

----------

Tue Sep 28 2021 15:53:00 GMT-0400 (Eastern Daylight Time)

Script /Users/Kristin/export.sh /Users/Kristin/kristinbarber.github.io couldn't be run

----------

Tue Sep 28 2021 15:54:34 GMT-0400 (Eastern Daylight Time)

Script /Users/Kristin/export.sh /Users/Kristin/kristinbarber.github.io couldn't be run

----------

Tue Sep 28 2021 16:06:40 GMT-0400 (Eastern Daylight Time)

Script /Users/Kristin/export.sh /Users/Kristin/kristinbarber.github.io couldn't be run

----------

Tue Sep 28 2021 16:08:41 GMT-0400 (Eastern Daylight Time)

Script /Users/Kristin/export.sh /Users/Kristin/kristinbarber.github.io couldn't be run

----------

Tue Sep 28 2021 16:12:18 GMT-0400 (Eastern Daylight Time)

Script /Users/Kristin/export.sh /Users/Kristin/kristinbarber.github.io couldn't be run

----------

Tue Sep 28 2021 16:23:25 GMT-0400 (Eastern Daylight Time)

Script /Users/Kristin/export.sh /Users/Kristin/kristinbarber.github.io couldn't be run

----------

Tue Sep 28 2021 16:26:15 GMT-0400 (Eastern Daylight Time)

Script /Users/Kristin/export.sh /Users/Kristin/kristinbarber.github.io couldn't be run

----------

Wed Sep 29 2021 12:26:08 GMT-0400 (Eastern Daylight Time)

Script /Users/Kristin/export.sh /Users/Kristin/kristinbarber.github.io couldn't be run

----------

Fri Oct 01 2021 13:04:22 GMT-0400 (Eastern Daylight Time)

Script /Users/Kristin/export.sh /Users/Kristin/kristinbarber.github.io couldn't be run

----------

Fri Oct 01 2021 13:18:19 GMT-0400 (Eastern Daylight Time)

Script /Users/Kristin/export.sh /Users/Kristin/kristinbarber.github.io couldn't be run

----------

Fri Oct 01 2021 13:40:52 GMT-0400 (Eastern Daylight Time)

Script /Users/Kristin/export.sh /Users/Kristin/kristinbarber.github.io couldn't be run

----------

Fri Oct 01 2021 13:53:39 GMT-0400 (Eastern Daylight Time)

Script /Users/Kristin/export.sh /Users/Kristin/kristinbarber.github.io couldn't be run

----------

Fri Oct 08 2021 11:00:31 GMT-0400 (Eastern Daylight Time)

Script /Users/Kristin/export.sh /Users/Kristin/kristinbarber.github.io couldn't be run

----------

Thu Nov 11 2021 20:08:04 GMT-0500 (Eastern Standard Time)

Script /Users/Kristin/export.sh /Users/Kristin/kristinbarber.github.io couldn't be run

----------

Thu Nov 11 2021 20:08:15 GMT-0500 (Eastern Standard Time)

Script /Users/Kristin/export.sh /Users/Kristin/kristinbarber.github.io couldn't be run

----------

Thu Nov 11 2021 20:21:35 GMT-0500 (Eastern Standard Time)

Script /Users/Kristin/export.sh /Users/Kristin/kristinbarber.github.io couldn't be run

----------

Thu Nov 11 2021 20:24:37 GMT-0500 (Eastern Standard Time)

Script /Users/Kristin/export.sh /Users/Kristin/kristinbarber.github.io couldn't be run

----------

Thu Nov 11 2021 20:43:59 GMT-0500 (Eastern Standard Time)

Script /Users/Kristin/export.sh /Users/Kristin/kristinbarber.github.io couldn't be run

----------

Thu Nov 11 2021 20:45:49 GMT-0500 (Eastern Standard Time)

Script /Users/Kristin/export.sh /Users/Kristin/kristinbarber.github.io couldn't be run

